#
# A fatal error has been detected by the Java Runtime Environment:
#
#  SIGSEGV (0xb) at pc=0x00007f42b1ba83b8, pid=12494, tid=0x00007f429cfff700
#
# JRE version: OpenJDK Runtime Environment (8.0_162-b12) (build 1.8.0_162-b12)
# Java VM: OpenJDK 64-Bit Server VM (25.162-b12 mixed mode linux-amd64 compressed oops)
# Problematic frame:
# V  [libjvm.so+0x6b73b8]
#
# Core dump written. Default location: /home/alex/School/AdvancedSoftwareEngineering/3hw/core or core.12494
#
# If you would like to submit a bug report, please visit:
#   http://bugreport.java.com/bugreport/crash.jsp
#

---------------  T H R E A D  ---------------

Current thread (0x00007f42ac01f000):  GCTaskThread [stack: 0x00007f429cf00000,0x00007f429d000000] [id=12496]

siginfo: si_signo: 11 (SIGSEGV), si_code: 1 (SEGV_MAPERR), si_addr: 0x0000000000000100

Registers:
RAX=0x0000000000000000, RBX=0x00007f429cffed30, RCX=0x00007f429cffed50, RDX=0x0000000000000000
RSP=0x00007f429cffe670, RBP=0x00007f429cffe6a0, RSI=0x00007f429cffed30, RDI=0x0000000000000000
R8 =0x0000000000000009, R9 =0x0000000000000003, R10=0x00000000ecf0a5bd, R11=0x00000000ecf0a018
R12=0x0000000000000000, R13=0x0000000000000000, R14=0x0000000000000000, R15=0x00007f429cffed30
RIP=0x00007f42b1ba83b8, EFLAGS=0x0000000000010202, CSGSFS=0x002b000000000033, ERR=0x0000000000000004
  TRAPNO=0x000000000000000e

Top of Stack: (sp=0x00007f429cffe670)
0x00007f429cffe670:   00007f4290ebf620 00007f429cffed30
0x00007f429cffe680:   00007f42ac761800 00007f42ac04a6b0
0x00007f429cffe690:   0000000000000000 00007f429cffed50
0x00007f429cffe6a0:   00007f429cffed20 00007f42b1f27ea8
0x00007f429cffe6b0:   00007f42ac01f000 00007f429cffe6c0
0x00007f429cffe6c0:   00007f4290ebfa20 00007f429d0004e7
0x00007f429cffe6d0:   00007f429d0003d0 0000000000000000
0x00007f429cffe6e0:   00007f4290ebfa90 00007f4290ebfa28
0x00007f429cffe6f0:   00007f4290ebfa20 00007f429d0004e7
0x00007f429cffe700:   00007f429d0003d0 0000000000000000
0x00007f429cffe710:   00007f4290ebfa90 00007f4290ebfa28
0x00007f429cffe720:   0000000000000000 0000000000000000
0x00007f429cffe730:   0000000000000000 0000000000000000
0x00007f429cffe740:   0000000000000000 0000000000000000
0x00007f429cffe750:   0000000000000000 0000000000000000
0x00007f429cffe760:   0000000000000000 0000000000000000
0x00007f429cffe770:   00007f4290ebfa10 00007f4290ebfa10
0x00007f429cffe780:   0000000000000000 0000000000000000
0x00007f429cffe790:   0000000000000000 0000000000000000
0x00007f429cffe7a0:   0000000000000000 0000000000000000
0x00007f429cffe7b0:   0000000000000000 0000000000000000
0x00007f429cffe7c0:   0000000000000000 0000000000000000
0x00007f429cffe7d0:   0000000000000000 0000000000000000
0x00007f429cffe7e0:   0000000000000000 0000000000000000
0x00007f429cffe7f0:   0000000000000000 0000000000000000
0x00007f429cffe800:   0000000000000000 0000000000000000
0x00007f429cffe810:   0000000000000000 0000000000000000
0x00007f429cffe820:   0000000000000000 0000000000000000
0x00007f429cffe830:   0000000000000000 0000000000000000
0x00007f429cffe840:   0000000000000000 0000000000000000
0x00007f429cffe850:   0000000000000000 0000000000000000
0x00007f429cffe860:   0000000000000000 0000000000000000 

Instructions: (pc=0x00007f42b1ba83b8)
0x00007f42b1ba8398:   41 55 41 54 49 89 fd 53 49 89 f7 48 83 ec 08 66
0x00007f42b1ba83a8:   0f 1f 84 00 00 00 00 00 4d 89 ec 0f 1f 44 00 00
0x00007f42b1ba83b8:   41 8b b4 24 00 01 00 00 85 f6 7e 68 4d 8d 74 24
0x00007f42b1ba83c8:   f8 bb 01 00 00 00 66 90 49 8b 44 dc f8 48 85 c0 

Register to memory mapping:

RAX=0x0000000000000000 is an unknown value
RBX=0x00007f429cffed30 is an unknown value
RCX=0x00007f429cffed50 is an unknown value
RDX=0x0000000000000000 is an unknown value
RSP=0x00007f429cffe670 is an unknown value
RBP=0x00007f429cffe6a0 is an unknown value
RSI=0x00007f429cffed30 is an unknown value
RDI=0x0000000000000000 is an unknown value
R8 =0x0000000000000009 is an unknown value
R9 =0x0000000000000003 is an unknown value
R10=0x00000000ecf0a5bd is an unknown value
R11=0x00000000ecf0a018 is an oop
java.lang.Class 
 - klass: 'java/lang/Class'
R12=0x0000000000000000 is an unknown value
R13=0x0000000000000000 is an unknown value
R14=0x0000000000000000 is an unknown value
R15=0x00007f429cffed30 is an unknown value


Stack: [0x00007f429cf00000,0x00007f429d000000],  sp=0x00007f429cffe670,  free space=1017k
Native frames: (J=compiled Java code, j=interpreted, Vv=VM code, C=native code)
V  [libjvm.so+0x6b73b8]
V  [libjvm.so+0xa36ea8]
V  [libjvm.so+0x953b46]
V  [libjvm.so+0x5b3b86]
V  [libjvm.so+0x8d8432]


---------------  P R O C E S S  ---------------

Java Threads: ( => current thread )
  0x00007f42ac761800 JavaThread "Thread-3" [_thread_blocked, id=12517, stack(0x00007f4290011000,0x00007f4290112000)]
  0x00007f42ac685000 JavaThread "AWT-EventQueue-0" [_thread_blocked, id=12514, stack(0x00007f4290dc0000,0x00007f4290ec1000)]
  0x00007f42ac683800 JavaThread "AWT-Shutdown" [_thread_blocked, id=12513, stack(0x00007f4290ec1000,0x00007f4290fc2000)]
  0x00007f42ac655000 JavaThread "Image Fetcher 3" daemon [_thread_blocked, id=12512, stack(0x00007f42911c2000,0x00007f42912c3000)]
  0x00007f42ac63e800 JavaThread "AWT-XAWT" daemon [_thread_blocked, id=12508, stack(0x00007f42912c3000,0x00007f42913c4000)]
  0x00007f42ac61a800 JavaThread "Java2D Disposer" daemon [_thread_blocked, id=12507, stack(0x00007f42917d4000,0x00007f42918d5000)]
  0x00007f42ac307000 JavaThread "Timer-0" daemon [_thread_blocked, id=12506, stack(0x00007f42936e8000,0x00007f42937e9000)]
  0x00007f42ac140800 JavaThread "Service Thread" daemon [_thread_blocked, id=12504, stack(0x00007f4299444000,0x00007f4299545000)]
  0x00007f42ac13d800 JavaThread "C1 CompilerThread1" daemon [_thread_blocked, id=12503, stack(0x00007f4299546000,0x00007f4299646000)]
  0x00007f42ac13a800 JavaThread "C2 CompilerThread0" daemon [_thread_blocked, id=12502, stack(0x00007f4299647000,0x00007f4299747000)]
  0x00007f42ac139000 JavaThread "Signal Dispatcher" daemon [_thread_blocked, id=12501, stack(0x00007f4299747000,0x00007f4299848000)]
  0x00007f42ac106800 JavaThread "Finalizer" daemon [_thread_blocked, id=12500, stack(0x00007f42999e3000,0x00007f4299ae4000)]
  0x00007f42ac102000 JavaThread "Reference Handler" daemon [_thread_blocked, id=12499, stack(0x00007f4299ae4000,0x00007f4299be5000)]
  0x00007f42ac00a000 JavaThread "main" [_thread_blocked, id=12495, stack(0x00007f42b3171000,0x00007f42b3271000)]

Other Threads:
  0x00007f42ac0fa000 VMThread [stack: 0x00007f4299be6000,0x00007f4299ce6000] [id=12498]
  0x00007f42ac143000 WatcherThread [stack: 0x00007f4299344000,0x00007f4299444000] [id=12505]

=>0x00007f42ac01f000 (exited) GCTaskThread [stack: 0x00007f429cf00000,0x00007f429d000000] [id=12496]

VM state:at safepoint (normal execution)

VM Mutex/Monitor currently owned by a thread:  ([mutex/lock_event])
[0x00007f42ac0075f0] Threads_lock - owner thread: 0x00007f42ac0fa000
[0x00007f42ac007af0] Heap_lock - owner thread: 0x00007f42ac685000

Heap:
 PSYoungGen      total 18432K, used 5998K [0x00000000ebd80000, 0x00000000ed200000, 0x0000000100000000)
  eden space 15872K, 21% used [0x00000000ebd80000,0x00000000ec0e0f38,0x00000000ecd00000)
  from space 2560K, 99% used [0x00000000ecf80000,0x00000000ed1fa930,0x00000000ed200000)
  to   space 2560K, 99% used [0x00000000ecd00000,0x00000000ecf7a930,0x00000000ecf80000)
 ParOldGen       total 42496K, used 3058K [0x00000000c3800000, 0x00000000c6180000, 0x00000000ebd80000)
  object space 42496K, 7% used [0x00000000c3800000,0x00000000c3afe928,0x00000000c6180000)
 Metaspace       used 20801K, capacity 21026K, committed 21248K, reserved 1067008K
  class space    used 2652K, capacity 2740K, committed 2816K, reserved 1048576K

Card table byte_map: [0x00007f42b019e000,0x00007f42b0383000] byte_map_base: 0x00007f42afb82000

Marking Bits: (ParMarkBitMap*) 0x00007f42b24580c0
 Begin Bits: [0x00007f429afbe000, 0x00007f429bede000)
 End Bits:   [0x00007f429bede000, 0x00007f429cdfe000)

Polling page: 0x00007f42b3297000

CodeCache: size=245760Kb used=4328Kb max_used=4344Kb free=241431Kb
 bounds [0x00007f429d000000, 0x00007f429d440000, 0x00007f42ac000000]
 total_blobs=1762 nmethods=1164 adapters=513
 compilation: enabled

Compilation events (10 events):
Event: 2.595 Thread 0x00007f42ac13d800 1162       3       sun.awt.X11.XEvent::get_type (18 bytes)
Event: 2.596 Thread 0x00007f42ac13d800 nmethod 1162 0x00007f429d436f90 code [0x00007f429d437120, 0x00007f429d437448]
Event: 2.605 Thread 0x00007f42ac13d800 1163       3       java.util.zip.ZipCoder::encoder (35 bytes)
Event: 2.606 Thread 0x00007f42ac13d800 nmethod 1163 0x00007f429d437810 code [0x00007f429d4379c0, 0x00007f429d438028]
Event: 2.619 Thread 0x00007f42ac13d800 1165   !   2       sun.misc.URLClassPath$JarLoader::getResource (85 bytes)
Event: 2.620 Thread 0x00007f42ac13d800 nmethod 1165 0x00007f429d438450 code [0x00007f429d438620, 0x00007f429d438ad8]
Event: 2.620 Thread 0x00007f42ac13d800 1164       3       java.awt.Container::countComponents (10 bytes)
Event: 2.621 Thread 0x00007f42ac13d800 nmethod 1164 0x00007f429d438dd0 code [0x00007f429d438f40, 0x00007f429d439168]
Event: 2.629 Thread 0x00007f42ac13a800 nmethod 1119 0x00007f429d43dfd0 code [0x00007f429d43e200, 0x00007f429d43f4e0]
Event: 2.629 Thread 0x00007f42ac13a800 1153       4       javax.swing.UIDefaults::get (21 bytes)

GC Heap History (5 events):
Event: 0.980 GC heap before
{Heap before GC invocations=1 (full 0):
 PSYoungGen      total 18432K, used 15872K [0x00000000ebd80000, 0x00000000ed200000, 0x0000000100000000)
  eden space 15872K, 100% used [0x00000000ebd80000,0x00000000ecd00000,0x00000000ecd00000)
  from space 2560K, 0% used [0x00000000ecf80000,0x00000000ecf80000,0x00000000ed200000)
  to   space 2560K, 0% used [0x00000000ecd00000,0x00000000ecd00000,0x00000000ecf80000)
 ParOldGen       total 42496K, used 0K [0x00000000c3800000, 0x00000000c6180000, 0x00000000ebd80000)
  object space 42496K, 0% used [0x00000000c3800000,0x00000000c3800000,0x00000000c6180000)
 Metaspace       used 8579K, capacity 8820K, committed 9088K, reserved 1056768K
  class space    used 957K, capacity 1048K, committed 1152K, reserved 1048576K
Event: 0.987 GC heap after
Heap after GC invocations=1 (full 0):
 PSYoungGen      total 18432K, used 2535K [0x00000000ebd80000, 0x00000000ed200000, 0x0000000100000000)
  eden space 15872K, 0% used [0x00000000ebd80000,0x00000000ebd80000,0x00000000ecd00000)
  from space 2560K, 99% used [0x00000000ecd00000,0x00000000ecf79d10,0x00000000ecf80000)
  to   space 2560K, 0% used [0x00000000ecf80000,0x00000000ecf80000,0x00000000ed200000)
 ParOldGen       total 42496K, used 339K [0x00000000c3800000, 0x00000000c6180000, 0x00000000ebd80000)
  object space 42496K, 0% used [0x00000000c3800000,0x00000000c3854d80,0x00000000c6180000)
 Metaspace       used 8579K, capacity 8820K, committed 9088K, reserved 1056768K
  class space    used 957K, capacity 1048K, committed 1152K, reserved 1048576K
}
Event: 2.302 GC heap before
{Heap before GC invocations=2 (full 0):
 PSYoungGen      total 18432K, used 18407K [0x00000000ebd80000, 0x00000000ed200000, 0x0000000100000000)
  eden space 15872K, 100% used [0x00000000ebd80000,0x00000000ecd00000,0x00000000ecd00000)
  from space 2560K, 99% used [0x00000000ecd00000,0x00000000ecf79d10,0x00000000ecf80000)
  to   space 2560K, 0% used [0x00000000ecf80000,0x00000000ecf80000,0x00000000ed200000)
 ParOldGen       total 42496K, used 339K [0x00000000c3800000, 0x00000000c6180000, 0x00000000ebd80000)
  object space 42496K, 0% used [0x00000000c3800000,0x00000000c3854d80,0x00000000c6180000)
 Metaspace       used 18642K, capacity 18806K, committed 19200K, reserved 1067008K
  class space    used 2386K, capacity 2448K, committed 2560K, reserved 1048576K
Event: 2.316 GC heap after
Heap after GC invocations=2 (full 0):
 PSYoungGen      total 18432K, used 2538K [0x00000000ebd80000, 0x00000000ed200000, 0x0000000100000000)
  eden space 15872K, 0% used [0x00000000ebd80000,0x00000000ebd80000,0x00000000ecd00000)
  from space 2560K, 99% used [0x00000000ecf80000,0x00000000ed1fa930,0x00000000ed200000)
  to   space 2560K, 0% used [0x00000000ecd00000,0x00000000ecd00000,0x00000000ecf80000)
 ParOldGen       total 42496K, used 3002K [0x00000000c3800000, 0x00000000c6180000, 0x00000000ebd80000)
  object space 42496K, 7% used [0x00000000c3800000,0x00000000c3aee928,0x00000000c6180000)
 Metaspace       used 18642K, capacity 18806K, committed 19200K, reserved 1067008K
  class space    used 2386K, capacity 2448K, committed 2560K, reserved 1048576K
}
Event: 2.637 GC heap before
{Heap before GC invocations=3 (full 0):
 PSYoungGen      total 18432K, used 5998K [0x00000000ebd80000, 0x00000000ed200000, 0x0000000100000000)
  eden space 15872K, 21% used [0x00000000ebd80000,0x00000000ec0e0f38,0x00000000ecd00000)
  from space 2560K, 99% used [0x00000000ecf80000,0x00000000ed1fa930,0x00000000ed200000)
  to   space 2560K, 0% used [0x00000000ecd00000,0x00000000ecd00000,0x00000000ecf80000)
 ParOldGen       total 42496K, used 3002K [0x00000000c3800000, 0x00000000c6180000, 0x00000000ebd80000)
  object space 42496K, 7% used [0x00000000c3800000,0x00000000c3aee928,0x00000000c6180000)
 Metaspace       used 20801K, capacity 21026K, committed 21248K, reserved 1067008K
  class space    used 2652K, capacity 2740K, committed 2816K, reserved 1048576K

Deoptimization events (10 events):
Event: 1.665 Thread 0x00007f42ac00a000 Uncommon trap: reason=unstable_if action=reinterpret pc=0x00007f429d274484 method=java.lang.AbstractStringBuilder.append(Ljava/lang/String;)Ljava/lang/AbstractStringBuilder; @ 1
Event: 1.673 Thread 0x00007f42ac00a000 Uncommon trap: reason=unstable_if action=reinterpret pc=0x00007f429d2bc8b0 method=java.util.HashMap.hash(Ljava/lang/Object;)I @ 1
Event: 2.076 Thread 0x00007f42ac00a000 Uncommon trap: reason=class_check action=maybe_recompile pc=0x00007f429d110320 method=java.lang.String.equals(Ljava/lang/Object;)Z @ 8
Event: 2.077 Thread 0x00007f42ac00a000 Uncommon trap: reason=class_check action=maybe_recompile pc=0x00007f429d110320 method=java.lang.String.equals(Ljava/lang/Object;)Z @ 8
Event: 2.080 Thread 0x00007f42ac00a000 Uncommon trap: reason=class_check action=maybe_recompile pc=0x00007f429d110320 method=java.lang.String.equals(Ljava/lang/Object;)Z @ 8
Event: 2.080 Thread 0x00007f42ac00a000 Uncommon trap: reason=class_check action=maybe_recompile pc=0x00007f429d110320 method=java.lang.String.equals(Ljava/lang/Object;)Z @ 8
Event: 2.174 Thread 0x00007f42ac00a000 Uncommon trap: reason=unstable_if action=reinterpret pc=0x00007f429d39967c method=java.util.Properties$LineReader.readLine()I @ 228
Event: 2.413 Thread 0x00007f42ac00a000 Uncommon trap: reason=unstable_if action=reinterpret pc=0x00007f429d3d1a80 method=java.util.HashMap.getNode(ILjava/lang/Object;)Ljava/util/HashMap$Node; @ 62
Event: 2.413 Thread 0x00007f42ac00a000 Uncommon trap: reason=unstable_if action=reinterpret pc=0x00007f429d3e8240 method=java.util.HashMap.putVal(ILjava/lang/Object;Ljava/lang/Object;ZZ)Ljava/lang/Object; @ 94
Event: 2.413 Thread 0x00007f42ac00a000 Uncommon trap: reason=unstable_if action=reinterpret pc=0x00007f429d25e028 method=java.util.HashMap.getNode(ILjava/lang/Object;)Ljava/util/HashMap$Node; @ 62

Classes redefined (0 events):
No events

Internal exceptions (10 events):
Event: 0.279 Thread 0x00007f42ac00a000 Exception <a 'java/lang/NoSuchFieldError': method resolution failed> (0x00000000ebf71a60) thrown at [/build/java8-openjdk/src/jdk8u-jdk8u162-b12/hotspot/src/share/vm/prims/methodHandles.cpp, line 1167]
Event: 0.284 Thread 0x00007f42ac00a000 Exception <a 'java/lang/NoSuchFieldError': method resolution failed> (0x00000000ebf7f230) thrown at [/build/java8-openjdk/src/jdk8u-jdk8u162-b12/hotspot/src/share/vm/prims/methodHandles.cpp, line 1167]
Event: 0.339 Thread 0x00007f42ac00a000 Exception <a 'java/io/FileNotFoundException'> (0x00000000ebffb9f0) thrown at [/build/java8-openjdk/src/jdk8u-jdk8u162-b12/hotspot/src/share/vm/prims/jni.cpp, line 709]
Event: 0.339 Thread 0x00007f42ac00a000 Exception <a 'java/io/FileNotFoundException'> (0x00000000ebffc390) thrown at [/build/java8-openjdk/src/jdk8u-jdk8u162-b12/hotspot/src/share/vm/prims/jni.cpp, line 709]
Event: 0.459 Thread 0x00007f42ac00a000 Exception <a 'sun/nio/fs/UnixException'> (0x00000000ec09def0) thrown at [/build/java8-openjdk/src/jdk8u-jdk8u162-b12/hotspot/src/share/vm/prims/jni.cpp, line 709]
Event: 0.459 Thread 0x00007f42ac00a000 Exception <a 'sun/nio/fs/UnixException'> (0x00000000ec09e730) thrown at [/build/java8-openjdk/src/jdk8u-jdk8u162-b12/hotspot/src/share/vm/prims/jni.cpp, line 709]
Event: 1.485 Thread 0x00007f42ac00a000 Exception <a 'java/lang/ClassNotFoundException': sun/dc/DuctusRenderingEngine> (0x00000000ec66b608) thrown at [/build/java8-openjdk/src/jdk8u-jdk8u162-b12/hotspot/src/share/vm/classfile/systemDictionary.cpp, line 210]
Event: 1.664 Thread 0x00007f42ac00a000 Implicit null exception at 0x00007f429d2e1cf5 to 0x00007f429d2e20a5
Event: 1.665 Thread 0x00007f42ac00a000 Implicit null exception at 0x00007f429d2740b6 to 0x00007f429d27446d
Event: 1.673 Thread 0x00007f42ac00a000 Implicit null exception at 0x00007f429d2bc535 to 0x00007f429d2bc8a1

Events (10 events):
Event: 2.623 loading class java/awt/geom/Path2D$Iterator
Event: 2.623 loading class java/awt/geom/Path2D$Iterator done
Event: 2.623 loading class java/awt/geom/Path2D$Float$CopyIterator done
Event: 2.624 loading class javax/swing/plaf/metal/BumpBuffer
Event: 2.625 loading class javax/swing/plaf/metal/BumpBuffer done
Event: 2.625 loading class sun/awt/image/BufImgSurfaceManager
Event: 2.625 loading class sun/awt/image/BufImgSurfaceManager done
Event: 2.625 loading class sun/awt/image/BufImgSurfaceData
Event: 2.625 Executing VM operation: CollectForMetadataAllocation
Event: 2.632 Thread 0x00007f42ac761800 Thread added: 0x00007f42ac761800


Dynamic libraries:
c3800000-c6180000 rw-p 00000000 00:00 0 
c6180000-ebd80000 ---p 00000000 00:00 0 
ebd80000-ed200000 rw-p 00000000 00:00 0 
ed200000-100000000 ---p 00000000 00:00 0 
100000000-1002c0000 rw-p 00000000 00:00 0 
1002c0000-140000000 ---p 00000000 00:00 0 
55b0667b7000-55b0667b8000 r-xp 00000000 08:03 4462071                    /usr/lib/jvm/java-8-openjdk/jre/bin/java
55b0669b7000-55b0669b8000 r--p 00000000 08:03 4462071                    /usr/lib/jvm/java-8-openjdk/jre/bin/java
55b0669b8000-55b0669b9000 rw-p 00001000 08:03 4462071                    /usr/lib/jvm/java-8-openjdk/jre/bin/java
55b067e98000-55b067eb9000 rw-p 00000000 00:00 0                          [heap]
7f425be00000-7f425c000000 rw-p 00000000 00:00 0 
7f425c000000-7f425c021000 rw-p 00000000 00:00 0 
7f425c021000-7f4260000000 ---p 00000000 00:00 0 
7f4260000000-7f4260097000 rw-p 00000000 00:00 0 
7f4260097000-7f4264000000 ---p 00000000 00:00 0 
7f4264000000-7f4264021000 rw-p 00000000 00:00 0 
7f4264021000-7f4268000000 ---p 00000000 00:00 0 
7f4268000000-7f4268021000 rw-p 00000000 00:00 0 
7f4268021000-7f426c000000 ---p 00000000 00:00 0 
7f426c000000-7f426c021000 rw-p 00000000 00:00 0 
7f426c021000-7f4270000000 ---p 00000000 00:00 0 
7f4270000000-7f4270021000 rw-p 00000000 00:00 0 
7f4270021000-7f4274000000 ---p 00000000 00:00 0 
7f4274000000-7f42743b6000 rw-p 00000000 00:00 0 
7f42743b6000-7f4278000000 ---p 00000000 00:00 0 
7f4278000000-7f4278370000 rw-p 00000000 00:00 0 
7f4278370000-7f427c000000 ---p 00000000 00:00 0 
7f427c000000-7f427c021000 rw-p 00000000 00:00 0 
7f427c021000-7f4280000000 ---p 00000000 00:00 0 
7f4280000000-7f4280021000 rw-p 00000000 00:00 0 
7f4280021000-7f4284000000 ---p 00000000 00:00 0 
7f4284000000-7f4284021000 rw-p 00000000 00:00 0 
7f4284021000-7f4288000000 ---p 00000000 00:00 0 
7f4288000000-7f4288021000 rw-p 00000000 00:00 0 
7f4288021000-7f428c000000 ---p 00000000 00:00 0 
7f428c000000-7f428c021000 rw-p 00000000 00:00 0 
7f428c021000-7f4290000000 ---p 00000000 00:00 0 
7f4290011000-7f4290014000 ---p 00000000 00:00 0 
7f4290014000-7f4290112000 rw-p 00000000 00:00 0 
7f4290112000-7f4290121000 r-xp 00000000 08:03 4353475                    /usr/lib/libnss_myhostname.so.2
7f4290121000-7f4290320000 ---p 0000f000 08:03 4353475                    /usr/lib/libnss_myhostname.so.2
7f4290320000-7f4290323000 r--p 0000e000 08:03 4353475                    /usr/lib/libnss_myhostname.so.2
7f4290323000-7f4290324000 rw-p 00011000 08:03 4353475                    /usr/lib/libnss_myhostname.so.2
7f4290324000-7f4290337000 r-xp 00000000 08:03 4327559                    /usr/lib/libresolv-2.26.so
7f4290337000-7f4290537000 ---p 00013000 08:03 4327559                    /usr/lib/libresolv-2.26.so
7f4290537000-7f4290538000 r--p 00013000 08:03 4327559                    /usr/lib/libresolv-2.26.so
7f4290538000-7f4290539000 rw-p 00014000 08:03 4327559                    /usr/lib/libresolv-2.26.so
7f4290539000-7f429053b000 rw-p 00000000 00:00 0 
7f429053b000-7f4290540000 r-xp 00000000 08:03 4327570                    /usr/lib/libnss_dns-2.26.so
7f4290540000-7f429073f000 ---p 00005000 08:03 4327570                    /usr/lib/libnss_dns-2.26.so
7f429073f000-7f4290740000 r--p 00004000 08:03 4327570                    /usr/lib/libnss_dns-2.26.so
7f4290740000-7f4290741000 rw-p 00005000 08:03 4327570                    /usr/lib/libnss_dns-2.26.so
7f4290741000-7f429077d000 r-xp 00000000 08:03 4353705                    /usr/lib/libnss_resolve.so.2
7f429077d000-7f429097c000 ---p 0003c000 08:03 4353705                    /usr/lib/libnss_resolve.so.2
7f429097c000-7f429097f000 r--p 0003b000 08:03 4353705                    /usr/lib/libnss_resolve.so.2
7f429097f000-7f4290980000 rw-p 0003e000 08:03 4353705                    /usr/lib/libnss_resolve.so.2
7f4290980000-7f42909bd000 r-xp 00000000 08:03 4353677                    /usr/lib/libnss_mymachines.so.2
7f42909bd000-7f4290bbc000 ---p 0003d000 08:03 4353677                    /usr/lib/libnss_mymachines.so.2
7f4290bbc000-7f4290bbf000 r--p 0003c000 08:03 4353677                    /usr/lib/libnss_mymachines.so.2
7f4290bbf000-7f4290bc0000 rw-p 0003f000 08:03 4353677                    /usr/lib/libnss_mymachines.so.2
7f4290bc0000-7f4290dc0000 rw-p 00000000 00:00 0 
7f4290dc0000-7f4290dc3000 ---p 00000000 00:00 0 
7f4290dc3000-7f4290ec1000 rw-p 00000000 00:00 0 
7f4290ec1000-7f4290ec4000 ---p 00000000 00:00 0 
7f4290ec4000-7f42911c2000 rw-p 00000000 00:00 0 
7f42911c2000-7f42911c5000 ---p 00000000 00:00 0 
7f42911c5000-7f42912c3000 rw-p 00000000 00:00 0 
7f42912c3000-7f42912c6000 ---p 00000000 00:00 0 
7f42912c6000-7f42913c4000 rw-p 00000000 00:00 0 
7f42913c4000-7f42913c9000 r-xp 00000000 08:03 4353707                    /usr/lib/libXfixes.so.3.1.0
7f42913c9000-7f42915c8000 ---p 00005000 08:03 4353707                    /usr/lib/libXfixes.so.3.1.0
7f42915c8000-7f42915c9000 r--p 00004000 08:03 4353707                    /usr/lib/libXfixes.so.3.1.0
7f42915c9000-7f42915ca000 rw-p 00005000 08:03 4353707                    /usr/lib/libXfixes.so.3.1.0
7f42915ca000-7f42915d3000 r-xp 00000000 08:03 4355178                    /usr/lib/libXcursor.so.1.0.2
7f42915d3000-7f42917d2000 ---p 00009000 08:03 4355178                    /usr/lib/libXcursor.so.1.0.2
7f42917d2000-7f42917d3000 r--p 00008000 08:03 4355178                    /usr/lib/libXcursor.so.1.0.2
7f42917d3000-7f42917d4000 rw-p 00009000 08:03 4355178                    /usr/lib/libXcursor.so.1.0.2
7f42917d4000-7f42917d7000 ---p 00000000 00:00 0 
7f42917d7000-7f42918d5000 rw-p 00000000 00:00 0 
7f42918d5000-7f4291946000 r-xp 00000000 08:03 4340734                    /usr/lib/libpcre.so.1.2.9
7f4291946000-7f4291b46000 ---p 00071000 08:03 4340734                    /usr/lib/libpcre.so.1.2.9
7f4291b46000-7f4291b47000 r--p 00071000 08:03 4340734                    /usr/lib/libpcre.so.1.2.9
7f4291b47000-7f4291b48000 rw-p 00072000 08:03 4340734                    /usr/lib/libpcre.so.1.2.9
7f4291b48000-7f4291b72000 r-xp 00000000 08:03 4349916                    /usr/lib/libgraphite2.so.3.0.1
7f4291b72000-7f4291d71000 ---p 0002a000 08:03 4349916                    /usr/lib/libgraphite2.so.3.0.1
7f4291d71000-7f4291d73000 r--p 00029000 08:03 4349916                    /usr/lib/libgraphite2.so.3.0.1
7f4291d73000-7f4291d74000 rw-p 0002b000 08:03 4349916                    /usr/lib/libgraphite2.so.3.0.1
7f4291d74000-7f4291e87000 r-xp 00000000 08:03 4340938                    /usr/lib/libglib-2.0.so.0.5400.3
7f4291e87000-7f4292086000 ---p 00113000 08:03 4340938                    /usr/lib/libglib-2.0.so.0.5400.3
7f4292086000-7f4292087000 r--p 00112000 08:03 4340938                    /usr/lib/libglib-2.0.so.0.5400.3
7f4292087000-7f4292088000 rw-p 00113000 08:03 4340938                    /usr/lib/libglib-2.0.so.0.5400.3
7f4292088000-7f4292089000 rw-p 00000000 00:00 0 
7f4292089000-7f429212f000 r-xp 00000000 08:03 4349921                    /usr/lib/libharfbuzz.so.0.10705.0
7f429212f000-7f429232e000 ---p 000a6000 08:03 4349921                    /usr/lib/libharfbuzz.so.0.10705.0
7f429232e000-7f4292330000 r--p 000a5000 08:03 4349921                    /usr/lib/libharfbuzz.so.0.10705.0
7f4292330000-7f4292331000 rw-p 000a7000 08:03 4349921                    /usr/lib/libharfbuzz.so.0.10705.0
7f4292331000-7f4292366000 r-xp 00000000 08:03 4349909                    /usr/lib/libpng16.so.16.34.0
7f4292366000-7f4292565000 ---p 00035000 08:03 4349909                    /usr/lib/libpng16.so.16.34.0
7f4292565000-7f4292566000 r--p 00034000 08:03 4349909                    /usr/lib/libpng16.so.16.34.0
7f4292566000-7f4292567000 rw-p 00035000 08:03 4349909                    /usr/lib/libpng16.so.16.34.0
7f4292567000-7f4292576000 r-xp 00000000 08:03 4332098                    /usr/lib/libbz2.so.1.0.6
7f4292576000-7f4292775000 ---p 0000f000 08:03 4332098                    /usr/lib/libbz2.so.1.0.6
7f4292775000-7f4292776000 r--p 0000e000 08:03 4332098                    /usr/lib/libbz2.so.1.0.6
7f4292776000-7f4292777000 rw-p 0000f000 08:03 4332098                    /usr/lib/libbz2.so.1.0.6
7f4292777000-7f429278d000 r-xp 00000000 08:03 4329175                    /usr/lib/libgcc_s.so.1
7f429278d000-7f429298c000 ---p 00016000 08:03 4329175                    /usr/lib/libgcc_s.so.1
7f429298c000-7f429298d000 r--p 00015000 08:03 4329175                    /usr/lib/libgcc_s.so.1
7f429298d000-7f429298e000 rw-p 00016000 08:03 4329175                    /usr/lib/libgcc_s.so.1
7f429298e000-7f4292a4f000 r-xp 00000000 08:03 4349932                    /usr/lib/libfreetype.so.6.16.0
7f4292a4f000-7f4292c4f000 ---p 000c1000 08:03 4349932                    /usr/lib/libfreetype.so.6.16.0
7f4292c4f000-7f4292c56000 r--p 000c1000 08:03 4349932                    /usr/lib/libfreetype.so.6.16.0
7f4292c56000-7f4292c57000 rw-p 000c8000 08:03 4349932                    /usr/lib/libfreetype.so.6.16.0
7f4292c57000-7f4292cb9000 r-xp 00000000 08:03 4592389                    /usr/lib/jvm/java-8-openjdk/jre/lib/amd64/libfontmanager.so
7f4292cb9000-7f4292eb9000 ---p 00062000 08:03 4592389                    /usr/lib/jvm/java-8-openjdk/jre/lib/amd64/libfontmanager.so
7f4292eb9000-7f4292ebc000 r--p 00062000 08:03 4592389                    /usr/lib/jvm/java-8-openjdk/jre/lib/amd64/libfontmanager.so
7f4292ebc000-7f4292ebd000 rw-p 00065000 08:03 4592389                    /usr/lib/jvm/java-8-openjdk/jre/lib/amd64/libfontmanager.so
7f4292ebd000-7f42930bd000 rw-p 00000000 00:00 0 
7f42930bd000-7f42932bd000 rw-p 00000000 00:00 0 
7f42932bd000-7f42932d3000 r-xp 00000000 08:03 4592379                    /usr/lib/jvm/java-8-openjdk/jre/lib/amd64/libnet.so
7f42932d3000-7f42934d3000 ---p 00016000 08:03 4592379                    /usr/lib/jvm/java-8-openjdk/jre/lib/amd64/libnet.so
7f42934d3000-7f42934d4000 r--p 00016000 08:03 4592379                    /usr/lib/jvm/java-8-openjdk/jre/lib/amd64/libnet.so
7f42934d4000-7f42934d5000 rw-p 00017000 08:03 4592379                    /usr/lib/jvm/java-8-openjdk/jre/lib/amd64/libnet.so
7f42934d5000-7f42934e6000 r-xp 00000000 08:03 4592383                    /usr/lib/jvm/java-8-openjdk/jre/lib/amd64/libnio.so
7f42934e6000-7f42936e6000 ---p 00011000 08:03 4592383                    /usr/lib/jvm/java-8-openjdk/jre/lib/amd64/libnio.so
7f42936e6000-7f42936e7000 r--p 00011000 08:03 4592383                    /usr/lib/jvm/java-8-openjdk/jre/lib/amd64/libnio.so
7f42936e7000-7f42936e8000 rw-p 00012000 08:03 4592383                    /usr/lib/jvm/java-8-openjdk/jre/lib/amd64/libnio.so
7f42936e8000-7f42936eb000 ---p 00000000 00:00 0 
7f42936eb000-7f42937e9000 rw-p 00000000 00:00 0 
7f42937e9000-7f42937ee000 r-xp 00000000 08:03 4349990                    /usr/lib/libXdmcp.so.6.0.0
7f42937ee000-7f42939ed000 ---p 00005000 08:03 4349990                    /usr/lib/libXdmcp.so.6.0.0
7f42939ed000-7f42939ee000 r--p 00004000 08:03 4349990                    /usr/lib/libXdmcp.so.6.0.0
7f42939ee000-7f42939ef000 rw-p 00005000 08:03 4349990                    /usr/lib/libXdmcp.so.6.0.0
7f42939ef000-7f42939f1000 r-xp 00000000 08:03 4350004                    /usr/lib/libXau.so.6.0.0
7f42939f1000-7f4293bf1000 ---p 00002000 08:03 4350004                    /usr/lib/libXau.so.6.0.0
7f4293bf1000-7f4293bf2000 r--p 00002000 08:03 4350004                    /usr/lib/libXau.so.6.0.0
7f4293bf2000-7f4293bf3000 rw-p 00003000 08:03 4350004                    /usr/lib/libXau.so.6.0.0
7f4293bf3000-7f4293c1b000 r-xp 00000000 08:03 4350055                    /usr/lib/libxcb.so.1.1.0
7f4293c1b000-7f4293e1a000 ---p 00028000 08:03 4350055                    /usr/lib/libxcb.so.1.1.0
7f4293e1a000-7f4293e1b000 r--p 00027000 08:03 4350055                    /usr/lib/libxcb.so.1.1.0
7f4293e1b000-7f4293e1c000 rw-p 00028000 08:03 4350055                    /usr/lib/libxcb.so.1.1.0
7f4293e1c000-7f4294000000 rw-p 00000000 00:00 0 
7f4294000000-7f4294021000 rw-p 00000000 00:00 0 
7f4294021000-7f4298000000 ---p 00000000 00:00 0 
7f4298065000-7f4298078000 r--s 00346000 08:03 4462094                    /usr/lib/jvm/java-8-openjdk/jre/lib/resources.jar
7f4298078000-7f4298094000 r--s 00393000 08:03 4592418                    /usr/lib/jvm/java-8-openjdk/jre/lib/ext/cldrdata.jar
7f4298094000-7f429809e000 r--s 00116000 08:03 4592420                    /usr/lib/jvm/java-8-openjdk/jre/lib/ext/localedata.jar
7f429809e000-7f42980af000 r--s 000a2000 08:03 4063856                    /home/alex/.use/lib/use-gui.jar
7f42980af000-7f4298191000 r--s 00b3f000 08:03 4063851                    /home/alex/.use/lib/jruby-1.7.2.jar
7f4298191000-7f42981a7000 r--s 001f5000 08:03 4063850                    /home/alex/.use/lib/itextpdf-5.5.2.jar
7f42981a7000-7f42981d6000 r--s 00226000 08:03 4063848                    /home/alex/.use/lib/guava-20.0.jar
7f42981d6000-7f42981e5000 r-xp 00000000 08:03 4355286                    /usr/lib/libXi.so.6.1.0
7f42981e5000-7f42983e5000 ---p 0000f000 08:03 4355286                    /usr/lib/libXi.so.6.1.0
7f42983e5000-7f42983e6000 r--p 0000f000 08:03 4355286                    /usr/lib/libXi.so.6.1.0
7f42983e6000-7f42983e7000 rw-p 00010000 08:03 4355286                    /usr/lib/libXi.so.6.1.0
7f42983e7000-7f42983ec000 r-xp 00000000 08:03 4355316                    /usr/lib/libXtst.so.6.1.0
7f42983ec000-7f42985eb000 ---p 00005000 08:03 4355316                    /usr/lib/libXtst.so.6.1.0
7f42985eb000-7f42985ec000 r--p 00004000 08:03 4355316                    /usr/lib/libXtst.so.6.1.0
7f42985ec000-7f42985ed000 rw-p 00005000 08:03 4355316                    /usr/lib/libXtst.so.6.1.0
7f42985ed000-7f42985f6000 r-xp 00000000 08:03 4354020                    /usr/lib/libXrender.so.1.3.0
7f42985f6000-7f42987f6000 ---p 00009000 08:03 4354020                    /usr/lib/libXrender.so.1.3.0
7f42987f6000-7f42987f7000 r--p 00009000 08:03 4354020                    /usr/lib/libXrender.so.1.3.0
7f42987f7000-7f42987f8000 rw-p 0000a000 08:03 4354020                    /usr/lib/libXrender.so.1.3.0
7f42987f8000-7f4298931000 r-xp 00000000 08:03 4353167                    /usr/lib/libX11.so.6.3.0
7f4298931000-7f4298b31000 ---p 00139000 08:03 4353167                    /usr/lib/libX11.so.6.3.0
7f4298b31000-7f4298b32000 r--p 00139000 08:03 4353167                    /usr/lib/libX11.so.6.3.0
7f4298b32000-7f4298b37000 rw-p 0013a000 08:03 4353167                    /usr/lib/libX11.so.6.3.0
7f4298b37000-7f4298b48000 r-xp 00000000 08:03 4353538                    /usr/lib/libXext.so.6.4.0
7f4298b48000-7f4298d47000 ---p 00011000 08:03 4353538                    /usr/lib/libXext.so.6.4.0
7f4298d47000-7f4298d48000 r--p 00010000 08:03 4353538                    /usr/lib/libXext.so.6.4.0
7f4298d48000-7f4298d49000 rw-p 00011000 08:03 4353538                    /usr/lib/libXext.so.6.4.0
7f4298d50000-7f4298d6c000 r--s 0022c000 08:03 4063843                    /home/alex/.use/lib/antlr-3.4-complete.jar
7f4298d6c000-7f4298dc0000 r-xp 00000000 08:03 4592382                    /usr/lib/jvm/java-8-openjdk/jre/lib/amd64/libawt_xawt.so
7f4298dc0000-7f4298fbf000 ---p 00054000 08:03 4592382                    /usr/lib/jvm/java-8-openjdk/jre/lib/amd64/libawt_xawt.so
7f4298fbf000-7f4298fc0000 r--p 00053000 08:03 4592382                    /usr/lib/jvm/java-8-openjdk/jre/lib/amd64/libawt_xawt.so
7f4298fc0000-7f4298fc3000 rw-p 00054000 08:03 4592382                    /usr/lib/jvm/java-8-openjdk/jre/lib/amd64/libawt_xawt.so
7f4298fc3000-7f4298fc4000 rw-p 00000000 00:00 0 
7f4298fc4000-7f4299065000 r-xp 00000000 08:03 4592394                    /usr/lib/jvm/java-8-openjdk/jre/lib/amd64/libawt.so
7f4299065000-7f4299264000 ---p 000a1000 08:03 4592394                    /usr/lib/jvm/java-8-openjdk/jre/lib/amd64/libawt.so
7f4299264000-7f4299265000 r--p 000a0000 08:03 4592394                    /usr/lib/jvm/java-8-openjdk/jre/lib/amd64/libawt.so
7f4299265000-7f4299270000 rw-p 000a1000 08:03 4592394                    /usr/lib/jvm/java-8-openjdk/jre/lib/amd64/libawt.so
7f4299270000-7f4299295000 rw-p 00000000 00:00 0 
7f4299295000-7f42992ad000 r--s 00123000 08:03 4063858                    /home/alex/.use/lib/use.jar
7f42992ad000-7f4299343000 r--s 008dd000 08:03 4594192                    /usr/lib/jvm/java-8-openjdk/jre/lib/ext/jfxrt.jar
7f4299343000-7f4299344000 ---p 00000000 00:00 0 
7f4299344000-7f4299444000 rw-p 00000000 00:00 0 
7f4299444000-7f4299447000 ---p 00000000 00:00 0 
7f4299447000-7f4299545000 rw-p 00000000 00:00 0 
7f4299545000-7f4299546000 ---p 00000000 00:00 0 
7f4299546000-7f4299549000 ---p 00000000 00:00 0 
7f4299549000-7f4299646000 rw-p 00000000 00:00 0 
7f4299646000-7f4299647000 ---p 00000000 00:00 0 
7f4299647000-7f429964a000 ---p 00000000 00:00 0 
7f429964a000-7f4299747000 rw-p 00000000 00:00 0 
7f4299747000-7f429974a000 ---p 00000000 00:00 0 
7f429974a000-7f4299848000 rw-p 00000000 00:00 0 
7f4299848000-7f42999e3000 r--p 00000000 08:03 4363907                    /usr/lib/locale/locale-archive
7f42999e3000-7f42999e6000 ---p 00000000 00:00 0 
7f42999e6000-7f4299ae4000 rw-p 00000000 00:00 0 
7f4299ae4000-7f4299ae7000 ---p 00000000 00:00 0 
7f4299ae7000-7f4299be5000 rw-p 00000000 00:00 0 
7f4299be5000-7f4299be6000 ---p 00000000 00:00 0 
7f4299be6000-7f429a5ef000 rw-p 00000000 00:00 0 
7f429a5ef000-7f429a7be000 r--s 03c2b000 08:03 4462099                    /usr/lib/jvm/java-8-openjdk/jre/lib/rt.jar
7f429a7be000-7f429cdfe000 rw-p 00000000 00:00 0 
7f429cdfe000-7f429cdff000 ---p 00000000 00:00 0 
7f429cdff000-7f429ceff000 rw-p 00000000 00:00 0 
7f429ceff000-7f429cf00000 ---p 00000000 00:00 0 
7f429cf00000-7f429d000000 rw-p 00000000 00:00 0 
7f429d000000-7f429d440000 rwxp 00000000 00:00 0 
7f429d440000-7f42ac000000 ---p 00000000 00:00 0 
7f42ac000000-7f42ac76b000 rw-p 00000000 00:00 0 
7f42ac76b000-7f42b0000000 ---p 00000000 00:00 0 
7f42b0003000-7f42b0004000 r--s 00002000 08:03 4063854                    /home/alex/.use/lib/plugins/AssociationExtend.jar
7f42b0004000-7f42b0007000 r--s 00008000 08:03 4063857                    /home/alex/.use/lib/use-runtime.jar
7f42b0007000-7f42b000d000 r--s 0007d000 08:03 4063859                    /home/alex/.use/lib/vtd-xml.jar
7f42b000d000-7f42b0070000 rw-p 00000000 00:00 0 
7f42b0070000-7f42b019e000 ---p 00000000 00:00 0 
7f42b019e000-7f42b01b3000 rw-p 00000000 00:00 0 
7f42b01b3000-7f42b02e0000 ---p 00000000 00:00 0 
7f42b02e0000-7f42b02eb000 rw-p 00000000 00:00 0 
7f42b02eb000-7f42b0382000 ---p 00000000 00:00 0 
7f42b0382000-7f42b0394000 rw-p 00000000 00:00 0 
7f42b0394000-7f42b0743000 ---p 00000000 00:00 0 
7f42b0743000-7f42b074b000 r-xp 00000000 08:03 4592397                    /usr/lib/jvm/java-8-openjdk/jre/lib/amd64/libzip.so
7f42b074b000-7f42b094a000 ---p 00008000 08:03 4592397                    /usr/lib/jvm/java-8-openjdk/jre/lib/amd64/libzip.so
7f42b094a000-7f42b094b000 r--p 00007000 08:03 4592397                    /usr/lib/jvm/java-8-openjdk/jre/lib/amd64/libzip.so
7f42b094b000-7f42b094c000 rw-p 00008000 08:03 4592397                    /usr/lib/jvm/java-8-openjdk/jre/lib/amd64/libzip.so
7f42b094c000-7f42b0957000 r-xp 00000000 08:03 4327569                    /usr/lib/libnss_files-2.26.so
7f42b0957000-7f42b0b56000 ---p 0000b000 08:03 4327569                    /usr/lib/libnss_files-2.26.so
7f42b0b56000-7f42b0b57000 r--p 0000a000 08:03 4327569                    /usr/lib/libnss_files-2.26.so
7f42b0b57000-7f42b0b58000 rw-p 0000b000 08:03 4327569                    /usr/lib/libnss_files-2.26.so
7f42b0b58000-7f42b0b5e000 rw-p 00000000 00:00 0 
7f42b0b5e000-7f42b0b8c000 r-xp 00000000 08:03 4592387                    /usr/lib/jvm/java-8-openjdk/jre/lib/amd64/libjava.so
7f42b0b8c000-7f42b0d8b000 ---p 0002e000 08:03 4592387                    /usr/lib/jvm/java-8-openjdk/jre/lib/amd64/libjava.so
7f42b0d8b000-7f42b0d8c000 r--p 0002d000 08:03 4592387                    /usr/lib/jvm/java-8-openjdk/jre/lib/amd64/libjava.so
7f42b0d8c000-7f42b0d8e000 rw-p 0002e000 08:03 4592387                    /usr/lib/jvm/java-8-openjdk/jre/lib/amd64/libjava.so
7f42b0d8e000-7f42b0d9b000 r-xp 00000000 08:03 4592374                    /usr/lib/jvm/java-8-openjdk/jre/lib/amd64/libverify.so
7f42b0d9b000-7f42b0f9a000 ---p 0000d000 08:03 4592374                    /usr/lib/jvm/java-8-openjdk/jre/lib/amd64/libverify.so
7f42b0f9a000-7f42b0f9c000 r--p 0000c000 08:03 4592374                    /usr/lib/jvm/java-8-openjdk/jre/lib/amd64/libverify.so
7f42b0f9c000-7f42b0f9d000 rw-p 0000e000 08:03 4592374                    /usr/lib/jvm/java-8-openjdk/jre/lib/amd64/libverify.so
7f42b0f9d000-7f42b0fa4000 r-xp 00000000 08:03 4327558                    /usr/lib/librt-2.26.so
7f42b0fa4000-7f42b11a3000 ---p 00007000 08:03 4327558                    /usr/lib/librt-2.26.so
7f42b11a3000-7f42b11a4000 r--p 00006000 08:03 4327558                    /usr/lib/librt-2.26.so
7f42b11a4000-7f42b11a5000 rw-p 00007000 08:03 4327558                    /usr/lib/librt-2.26.so
7f42b11a5000-7f42b12f0000 r-xp 00000000 08:03 4327563                    /usr/lib/libm-2.26.so
7f42b12f0000-7f42b14ef000 ---p 0014b000 08:03 4327563                    /usr/lib/libm-2.26.so
7f42b14ef000-7f42b14f0000 r--p 0014a000 08:03 4327563                    /usr/lib/libm-2.26.so
7f42b14f0000-7f42b14f1000 rw-p 0014b000 08:03 4327563                    /usr/lib/libm-2.26.so
7f42b14f1000-7f42b2189000 r-xp 00000000 08:03 4721229                    /usr/lib/jvm/java-8-openjdk/jre/lib/amd64/server/libjvm.so
7f42b2189000-7f42b2388000 ---p 00c98000 08:03 4721229                    /usr/lib/jvm/java-8-openjdk/jre/lib/amd64/server/libjvm.so
7f42b2388000-7f42b241c000 r--p 00c97000 08:03 4721229                    /usr/lib/jvm/java-8-openjdk/jre/lib/amd64/server/libjvm.so
7f42b241c000-7f42b2444000 rw-p 00d2b000 08:03 4721229                    /usr/lib/jvm/java-8-openjdk/jre/lib/amd64/server/libjvm.so
7f42b2444000-7f42b2475000 rw-p 00000000 00:00 0 
7f42b2475000-7f42b2623000 r-xp 00000000 08:03 4327622                    /usr/lib/libc-2.26.so
7f42b2623000-7f42b2822000 ---p 001ae000 08:03 4327622                    /usr/lib/libc-2.26.so
7f42b2822000-7f42b2826000 r--p 001ad000 08:03 4327622                    /usr/lib/libc-2.26.so
7f42b2826000-7f42b2828000 rw-p 001b1000 08:03 4327622                    /usr/lib/libc-2.26.so
7f42b2828000-7f42b282c000 rw-p 00000000 00:00 0 
7f42b282c000-7f42b282f000 r-xp 00000000 08:03 4327565                    /usr/lib/libdl-2.26.so
7f42b282f000-7f42b2a2e000 ---p 00003000 08:03 4327565                    /usr/lib/libdl-2.26.so
7f42b2a2e000-7f42b2a2f000 r--p 00002000 08:03 4327565                    /usr/lib/libdl-2.26.so
7f42b2a2f000-7f42b2a30000 rw-p 00003000 08:03 4327565                    /usr/lib/libdl-2.26.so
7f42b2a30000-7f42b2a3e000 r-xp 00000000 08:03 4592401                    /usr/lib/jvm/java-8-openjdk/jre/lib/amd64/jli/libjli.so
7f42b2a3e000-7f42b2c3d000 ---p 0000e000 08:03 4592401                    /usr/lib/jvm/java-8-openjdk/jre/lib/amd64/jli/libjli.so
7f42b2c3d000-7f42b2c3e000 r--p 0000d000 08:03 4592401                    /usr/lib/jvm/java-8-openjdk/jre/lib/amd64/jli/libjli.so
7f42b2c3e000-7f42b2c3f000 rw-p 0000e000 08:03 4592401                    /usr/lib/jvm/java-8-openjdk/jre/lib/amd64/jli/libjli.so
7f42b2c3f000-7f42b2c55000 r-xp 00000000 08:03 4338159                    /usr/lib/libz.so.1.2.11
7f42b2c55000-7f42b2e54000 ---p 00016000 08:03 4338159                    /usr/lib/libz.so.1.2.11
7f42b2e54000-7f42b2e55000 r--p 00015000 08:03 4338159                    /usr/lib/libz.so.1.2.11
7f42b2e55000-7f42b2e56000 rw-p 00016000 08:03 4338159                    /usr/lib/libz.so.1.2.11
7f42b2e56000-7f42b2e6f000 r-xp 00000000 08:03 4327644                    /usr/lib/libpthread-2.26.so
7f42b2e6f000-7f42b306e000 ---p 00019000 08:03 4327644                    /usr/lib/libpthread-2.26.so
7f42b306e000-7f42b306f000 r--p 00018000 08:03 4327644                    /usr/lib/libpthread-2.26.so
7f42b306f000-7f42b3070000 rw-p 00019000 08:03 4327644                    /usr/lib/libpthread-2.26.so
7f42b3070000-7f42b3074000 rw-p 00000000 00:00 0 
7f42b3074000-7f42b3099000 r-xp 00000000 08:03 4327623                    /usr/lib/ld-2.26.so
7f42b3099000-7f42b309f000 r--s 00030000 08:03 4063853                    /home/alex/.use/lib/junit.jar
7f42b309f000-7f42b3170000 rw-p 00000000 00:00 0 
7f42b3170000-7f42b3171000 ---p 00000000 00:00 0 
7f42b3171000-7f42b3174000 ---p 00000000 00:00 0 
7f42b3174000-7f42b3275000 rw-p 00000000 00:00 0 
7f42b3275000-7f42b3279000 r--s 0001f000 08:03 4063847                    /home/alex/.use/lib/gsbase.jar
7f42b3279000-7f42b327b000 r--s 0000e000 08:03 4063845                    /home/alex/.use/lib/combinatoricslib-0.2.jar
7f42b327b000-7f42b328e000 rw-p 00000000 00:00 0 
7f42b328e000-7f42b3296000 rw-s 00000000 00:27 115377                     /tmp/hsperfdata_alex/12494
7f42b3296000-7f42b3297000 rw-p 00000000 00:00 0 
7f42b3297000-7f42b3298000 ---p 00000000 00:00 0 
7f42b3298000-7f42b3299000 r--p 00024000 08:03 4327623                    /usr/lib/ld-2.26.so
7f42b3299000-7f42b329a000 rw-p 00025000 08:03 4327623                    /usr/lib/ld-2.26.so
7f42b329a000-7f42b329b000 rw-p 00000000 00:00 0 
7ffe1d37d000-7ffe1d39e000 rw-p 00000000 00:00 0                          [stack]
7ffe1d3d6000-7ffe1d3d9000 r--p 00000000 00:00 0                          [vvar]
7ffe1d3d9000-7ffe1d3db000 r-xp 00000000 00:00 0                          [vdso]

VM Arguments:
java_command: /home/alex/.use/bin/../lib/use.jar -v /home/alex/School/AdvancedSoftwareEngineering/3hw/ClientUI.use
java_class_path (initial): /home/alex/.use/bin/../lib/use.jar
Launcher Type: SUN_STANDARD

Environment Variables:
PATH=/usr/local/sbin:/usr/local/bin:/usr/bin:/usr/lib/jvm/default/bin:/usr/bin/site_perl:/usr/bin/vendor_perl:/usr/bin/core_perl
LD_LIBRARY_PATH=/home/alex/.use/bin/../lib:
SHELL=/bin/bash
DISPLAY=:0

Signal Handlers:
SIGSEGV: [libjvm.so+0xa9e370], sa_mask[0]=11111111011111111101111111111110, sa_flags=SA_RESTART|SA_SIGINFO
SIGBUS: [libjvm.so+0xa9e370], sa_mask[0]=11111111011111111101111111111110, sa_flags=SA_RESTART|SA_SIGINFO
SIGFPE: [libjvm.so+0x8d66a0], sa_mask[0]=11111111011111111101111111111110, sa_flags=SA_RESTART|SA_SIGINFO
SIGPIPE: [libjvm.so+0x8d66a0], sa_mask[0]=11111111011111111101111111111110, sa_flags=SA_RESTART|SA_SIGINFO
SIGXFSZ: [libjvm.so+0x8d66a0], sa_mask[0]=11111111011111111101111111111110, sa_flags=SA_RESTART|SA_SIGINFO
SIGILL: [libjvm.so+0x8d66a0], sa_mask[0]=11111111011111111101111111111110, sa_flags=SA_RESTART|SA_SIGINFO
SIGUSR1: SIG_DFL, sa_mask[0]=00000000000000000000000000000000, sa_flags=none
SIGUSR2: [libjvm.so+0x8d6550], sa_mask[0]=00000000000000000000000000000000, sa_flags=SA_RESTART|SA_SIGINFO
SIGHUP: [libjvm.so+0x8d6a00], sa_mask[0]=11111111011111111101111111111110, sa_flags=SA_RESTART|SA_SIGINFO
SIGINT: [libjvm.so+0x8d6a00], sa_mask[0]=11111111011111111101111111111110, sa_flags=SA_RESTART|SA_SIGINFO
SIGTERM: [libjvm.so+0x8d6a00], sa_mask[0]=11111111011111111101111111111110, sa_flags=SA_RESTART|SA_SIGINFO
SIGQUIT: [libjvm.so+0x8d6a00], sa_mask[0]=11111111011111111101111111111110, sa_flags=SA_RESTART|SA_SIGINFO


---------------  S Y S T E M  ---------------

OS:NAME="Arch Linux"
PRETTY_NAME="Arch Linux"
ID=arch
ID_LIKE=archlinux
ANSI_COLOR="0;36"
HOME_URL="https://www.archlinux.org/"
SUPPORT_URL="https://bbs.archlinux.org/"
BUG_REPORT_URL="https://bugs.archlinux.org/"

uname:Linux 4.15.6-1-ARCH #1 SMP PREEMPT Sun Feb 25 12:53:23 UTC 2018 x86_64
libc:glibc 2.26 NPTL 2.26 
rlimit: STACK 8192k, CORE infinity, NPROC 15419, NOFILE 4096, AS infinity
load average:0.35 0.23 0.24

/proc/meminfo:
MemTotal:        3958820 kB
MemFree:         2952852 kB
MemAvailable:    3443980 kB
Buffers:           48484 kB
Cached:           668108 kB
SwapCached:            0 kB
Active:           422788 kB
Inactive:         452960 kB
Active(anon):     159680 kB
Inactive(anon):    45792 kB
Active(file):     263108 kB
Inactive(file):   407168 kB
Unevictable:           0 kB
Mlocked:               0 kB
SwapTotal:             0 kB
SwapFree:              0 kB
Dirty:               112 kB
Writeback:             0 kB
AnonPages:        159188 kB
Mapped:           113820 kB
Shmem:             46320 kB
Slab:              76184 kB
SReclaimable:      59768 kB
SUnreclaim:        16416 kB
KernelStack:        2304 kB
PageTables:         5308 kB
NFS_Unstable:          0 kB
Bounce:                0 kB
WritebackTmp:          0 kB
CommitLimit:     1979408 kB
Committed_AS:     534356 kB
VmallocTotal:   34359738367 kB
VmallocUsed:           0 kB
VmallocChunk:          0 kB
HardwareCorrupted:     0 kB
AnonHugePages:         0 kB
ShmemHugePages:        0 kB
ShmemPmdMapped:        0 kB
HugePages_Total:       0
HugePages_Free:        0
HugePages_Rsvd:        0
HugePages_Surp:        0
Hugepagesize:       2048 kB
DirectMap4k:       73068 kB
DirectMap2M:     4036608 kB


CPU:total 2 (initial active 2) (2 cores per cpu, 1 threads per core) family 6 model 55 stepping 8, cmov, cx8, fxsr, mmx, sse, sse2, sse3, ssse3, sse4.1, sse4.2, popcnt, clmul, erms, 3dnowpref, tsc, tscinvbit

/proc/cpuinfo:
processor	: 0
vendor_id	: GenuineIntel
cpu family	: 6
model		: 55
model name	: Intel(R) Celeron(R) CPU  N2840  @ 2.16GHz
stepping	: 8
microcode	: 0x829
cpu MHz		: 2582.346
cache size	: 1024 KB
physical id	: 0
siblings	: 2
core id		: 0
cpu cores	: 2
apicid		: 0
initial apicid	: 0
fpu		: yes
fpu_exception	: yes
cpuid level	: 11
wp		: yes
flags		: fpu vme de pse tsc msr pae mce cx8 apic sep mtrr pge mca cmov pat pse36 clflush dts acpi mmx fxsr sse sse2 ss ht tm pbe syscall nx rdtscp lm constant_tsc arch_perfmon pebs bts rep_good nopl xtopology tsc_reliable nonstop_tsc cpuid aperfmperf tsc_known_freq pni pclmulqdq dtes64 monitor ds_cpl vmx est tm2 ssse3 cx16 xtpr pdcm sse4_1 sse4_2 movbe popcnt tsc_deadline_timer rdrand lahf_lm 3dnowprefetch epb pti tpr_shadow vnmi flexpriority ept vpid tsc_adjust smep erms dtherm ida arat
bugs		: cpu_meltdown spectre_v1 spectre_v2
bogomips	: 4331.60
clflush size	: 64
cache_alignment	: 64
address sizes	: 36 bits physical, 48 bits virtual
power management:

processor	: 1
vendor_id	: GenuineIntel
cpu family	: 6
model		: 55
model name	: Intel(R) Celeron(R) CPU  N2840  @ 2.16GHz
stepping	: 8
microcode	: 0x829
cpu MHz		: 2582.297
cache size	: 1024 KB
physical id	: 0
siblings	: 2
core id		: 1
cpu cores	: 2
apicid		: 2
initial apicid	: 2
fpu		: yes
fpu_exception	: yes
cpuid level	: 11
wp		: yes
flags		: fpu vme de pse tsc msr pae mce cx8 apic sep mtrr pge mca cmov pat pse36 clflush dts acpi mmx fxsr sse sse2 ss ht tm pbe syscall nx rdtscp lm constant_tsc arch_perfmon pebs bts rep_good nopl xtopology tsc_reliable nonstop_tsc cpuid aperfmperf tsc_known_freq pni pclmulqdq dtes64 monitor ds_cpl vmx est tm2 ssse3 cx16 xtpr pdcm sse4_1 sse4_2 movbe popcnt tsc_deadline_timer rdrand lahf_lm 3dnowprefetch epb pti tpr_shadow vnmi flexpriority ept vpid tsc_adjust smep erms dtherm ida arat
bugs		: cpu_meltdown spectre_v1 spectre_v2
bogomips	: 4331.60
clflush size	: 64
cache_alignment	: 64
address sizes	: 36 bits physical, 48 bits virtual
power management:



Memory: 4k page, physical 3958820k(2952888k free), swap 0k(0k free)

vm_info: OpenJDK 64-Bit Server VM (25.162-b12) for linux-amd64 JRE (1.8.0_162-b12), built on Feb 27 2018 12:14:51 by "builduser" with gcc 7.3.0

time: Fri Mar  2 00:01:22 2018
elapsed time: 2 seconds (0d 0h 0m 2s)

